  KeyFrames.cpp
C:\Users\luis_\Desktop\Proyecto Final - copia\Proyecto Final\ConfigInicial\ConfigInicial\modelAnim.h(114,53): warning C4244: '=': conversión de 'double' a 'float'; posible pérdida de datos
  (compilando archivo de origen "KeyFrames.cpp")
  
C:\Users\luis_\Desktop\Proyecto Final - copia\Proyecto Final\ConfigInicial\ConfigInicial\modelAnim.h(514,31): warning C4244: 'inicializando': conversión de 'double' a 'float'; posible pérdida de datos
  (compilando archivo de origen "KeyFrames.cpp")
  
C:\Users\luis_\Desktop\Proyecto Final - copia\Proyecto Final\ConfigInicial\ConfigInicial\KeyFrames.cpp(433,30): warning C4244: 'inicializando': conversión de 'double' a 'GLfloat'; posible pérdida de datos
C:\Users\luis_\Desktop\Proyecto Final - copia\Proyecto Final\ConfigInicial\ConfigInicial\KeyFrames.cpp(465,32): warning C4244: '=': conversión de 'double' a 'T'; posible pérdida de datos
C:\Users\luis_\Desktop\Proyecto Final - copia\Proyecto Final\ConfigInicial\ConfigInicial\KeyFrames.cpp(465,32): warning C4244:         with
C:\Users\luis_\Desktop\Proyecto Final - copia\Proyecto Final\ConfigInicial\ConfigInicial\KeyFrames.cpp(465,32): warning C4244:         [
C:\Users\luis_\Desktop\Proyecto Final - copia\Proyecto Final\ConfigInicial\ConfigInicial\KeyFrames.cpp(465,32): warning C4244:             T=float
C:\Users\luis_\Desktop\Proyecto Final - copia\Proyecto Final\ConfigInicial\ConfigInicial\KeyFrames.cpp(465,32): warning C4244:         ]
C:\Users\luis_\Desktop\Proyecto Final - copia\Proyecto Final\ConfigInicial\ConfigInicial\KeyFrames.cpp(466,32): warning C4244: '=': conversión de 'double' a 'T'; posible pérdida de datos
C:\Users\luis_\Desktop\Proyecto Final - copia\Proyecto Final\ConfigInicial\ConfigInicial\KeyFrames.cpp(466,32): warning C4244:         with
C:\Users\luis_\Desktop\Proyecto Final - copia\Proyecto Final\ConfigInicial\ConfigInicial\KeyFrames.cpp(466,32): warning C4244:         [
C:\Users\luis_\Desktop\Proyecto Final - copia\Proyecto Final\ConfigInicial\ConfigInicial\KeyFrames.cpp(466,32): warning C4244:             T=float
C:\Users\luis_\Desktop\Proyecto Final - copia\Proyecto Final\ConfigInicial\ConfigInicial\KeyFrames.cpp(466,32): warning C4244:         ]
C:\Users\luis_\Desktop\Proyecto Final - copia\Proyecto Final\ConfigInicial\ConfigInicial\KeyFrames.cpp(467,32): warning C4244: '=': conversión de 'double' a 'T'; posible pérdida de datos
C:\Users\luis_\Desktop\Proyecto Final - copia\Proyecto Final\ConfigInicial\ConfigInicial\KeyFrames.cpp(467,32): warning C4244:         with
C:\Users\luis_\Desktop\Proyecto Final - copia\Proyecto Final\ConfigInicial\ConfigInicial\KeyFrames.cpp(467,32): warning C4244:         [
C:\Users\luis_\Desktop\Proyecto Final - copia\Proyecto Final\ConfigInicial\ConfigInicial\KeyFrames.cpp(467,32): warning C4244:             T=float
C:\Users\luis_\Desktop\Proyecto Final - copia\Proyecto Final\ConfigInicial\ConfigInicial\KeyFrames.cpp(467,32): warning C4244:         ]
C:\Users\luis_\Desktop\Proyecto Final - copia\Proyecto Final\ConfigInicial\ConfigInicial\KeyFrames.cpp(1083,17): warning C4244: '=': conversión de 'double' a 'GLfloat'; posible pérdida de datos
C:\Users\luis_\Desktop\Proyecto Final - copia\Proyecto Final\ConfigInicial\ConfigInicial\KeyFrames.cpp(1084,17): warning C4244: '=': conversión de 'double' a 'GLfloat'; posible pérdida de datos
C:\Users\luis_\Desktop\Proyecto Final - copia\Proyecto Final\ConfigInicial\ConfigInicial\KeyFrames.cpp(1088,21): warning C4244: 'inicializando': conversión de 'double' a 'GLfloat'; posible pérdida de datos
C:\Users\luis_\Desktop\Proyecto Final - copia\Proyecto Final\ConfigInicial\ConfigInicial\KeyFrames.cpp(1089,21): warning C4244: 'inicializando': conversión de 'double' a 'GLfloat'; posible pérdida de datos
C:\Users\luis_\Desktop\Proyecto Final - copia\Proyecto Final\ConfigInicial\ConfigInicial\KeyFrames.cpp(1091,13): warning C4244: '=': conversión de 'double' a 'GLfloat'; posible pérdida de datos
C:\Users\luis_\Desktop\Proyecto Final - copia\Proyecto Final\ConfigInicial\ConfigInicial\KeyFrames.cpp(1092,13): warning C4244: '=': conversión de 'double' a 'GLfloat'; posible pérdida de datos
soil2-debug.lib(SOIL2.obj) : warning LNK4075: se omite '/EDITANDCONTINUE' debido a la especificación '/OPT:ICF'
LINK : warning LNK4098: la biblioteca predeterminada'MSVCRTD' entra en conflicto con otras bibliotecas; use la biblioteca /NODEFAULTLIB:biblioteca
  Generando código
  1 of 1028 functions (<0.1%) were compiled, the rest were copied from previous compilation.
    0 functions were new in current compilation
    13 functions had inline decision re-evaluated but remain unchanged
  Generación de código finalizada
soil2-debug.lib(etc1_utils.obj) : warning LNK4099: no se encontró PDB '' con 'soil2-debug.lib(etc1_utils.obj)' o en ''; se vinculará el objeto sin tener en cuenta información de depuración
soil2-debug.lib(image_DXT.obj) : warning LNK4099: no se encontró PDB 'soil2-debug.pdb' con 'soil2-debug.lib(image_DXT.obj)' o en 'C:\Users\luis_\Desktop\Proyecto Final - copia\Proyecto Final\ConfigInicial\Release\soil2-debug.pdb'; se vinculará el objeto sin tener en cuenta información de depuración
soil2-debug.lib(image_helper.obj) : warning LNK4099: no se encontró PDB 'soil2-debug.pdb' con 'soil2-debug.lib(image_helper.obj)' o en 'C:\Users\luis_\Desktop\Proyecto Final - copia\Proyecto Final\ConfigInicial\Release\soil2-debug.pdb'; se vinculará el objeto sin tener en cuenta información de depuración
soil2-debug.lib(SOIL2.obj) : warning LNK4099: no se encontró PDB 'soil2-debug.pdb' con 'soil2-debug.lib(SOIL2.obj)' o en 'C:\Users\luis_\Desktop\Proyecto Final - copia\Proyecto Final\ConfigInicial\Release\soil2-debug.pdb'; se vinculará el objeto sin tener en cuenta información de depuración
  ConfigInicial.vcxproj -> C:\Users\luis_\Desktop\Proyecto Final - copia\Proyecto Final\ConfigInicial\Release\ConfigInicial.exe
